<?xml version="1.0" encoding="UTF-8"?>
<testng-results ignored="0" total="2" passed="2" failed="0" skipped="0">
  <reporter-output>
  </reporter-output>
  <suite started-at="2025-10-01T07:06:23 IST" name="Suite" finished-at="2025-10-01T07:06:40 IST" duration-ms="17153">
    <groups>
      <group name="cucumber">
        <method signature="AbstractTestNGCucumberTests.runScenario(io.cucumber.testng.PickleWrapper,io.cucumber.testng.FeatureWrapper)[pri:0, instance:Execution.Runner@6aeb35e6]" name="runScenario" class="io.cucumber.testng.AbstractTestNGCucumberTests"/>
      </group> <!-- cucumber -->
    </groups>
    <test started-at="2025-10-01T07:06:23 IST" name="Test" finished-at="2025-10-01T07:06:40 IST" duration-ms="17153">
      <class name="Execution.Runner">
        <test-method is-config="true" signature="setUpClass(org.testng.ITestContext)[pri:0, instance:Execution.Runner@6aeb35e6]" started-at="2025-10-01T07:06:23 IST" name="setUpClass" finished-at="2025-10-01T07:06:28 IST" duration-ms="4407" status="PASS">
          <params>
            <param index="0">
              <value>
                <![CDATA[org.testng.TestRunner@4153a832]]>
              </value>
            </param>
          </params>
          <reporter-output>
          </reporter-output>
        </test-method> <!-- setUpClass -->
        <test-method signature="runScenario(io.cucumber.testng.PickleWrapper,io.cucumber.testng.FeatureWrapper)[pri:0, instance:Execution.Runner@6aeb35e6]" started-at="2025-10-01T07:06:28 IST" name="runScenario" description="Runs Cucumber Scenarios" data-provider="scenarios" finished-at="2025-10-01T07:06:31 IST" duration-ms="2944" status="PASS">
          <params>
            <param index="0">
              <value>
                <![CDATA["Verify Logo of the Snapdeal  application"]]>
              </value>
            </param>
            <param index="1">
              <value>
                <![CDATA["Verify Snapdeal Application"]]>
              </value>
            </param>
          </params>
          <reporter-output>
          </reporter-output>
        </test-method> <!-- runScenario -->
        <test-method signature="runScenario(io.cucumber.testng.PickleWrapper,io.cucumber.testng.FeatureWrapper)[pri:0, instance:Execution.Runner@6aeb35e6]" started-at="2025-10-01T07:06:31 IST" name="runScenario" description="Runs Cucumber Scenarios" data-provider="scenarios" finished-at="2025-10-01T07:06:33 IST" duration-ms="1998" status="PASS">
          <params>
            <param index="0">
              <value>
                <![CDATA["Verify Cart Icon"]]>
              </value>
            </param>
            <param index="1">
              <value>
                <![CDATA["Verify Snapdeal Application"]]>
              </value>
            </param>
          </params>
          <reporter-output>
          </reporter-output>
        </test-method> <!-- runScenario -->
        <test-method is-config="true" signature="tearDownClass()[pri:0, instance:Execution.Runner@6aeb35e6]" started-at="2025-10-01T07:06:33 IST" name="tearDownClass" finished-at="2025-10-01T07:06:40 IST" duration-ms="7763" status="PASS">
          <reporter-output>
          </reporter-output>
        </test-method> <!-- tearDownClass -->
      </class> <!-- Execution.Runner -->
    </test> <!-- Test -->
  </suite> <!-- Suite -->
</testng-results>
