<?xml version="1.0" encoding="UTF-8"?>
<testng-results ignored="0" total="2" passed="2" failed="0" skipped="0">
  <reporter-output>
  </reporter-output>
  <suite started-at="2025-08-28T08:15:11 IST" name="Default suite" finished-at="2025-08-28T08:15:51 IST" duration-ms="40271">
    <groups>
      <group name="cucumber">
        <method signature="AbstractTestNGCucumberTests.runScenario(io.cucumber.testng.PickleWrapper,io.cucumber.testng.FeatureWrapper)[pri:0, instance:Execution.Runner@3bd82cf5]" name="runScenario" class="io.cucumber.testng.AbstractTestNGCucumberTests"/>
      </group> <!-- cucumber -->
    </groups>
    <test started-at="2025-08-28T08:15:11 IST" name="Default test" finished-at="2025-08-28T08:15:51 IST" duration-ms="40271">
      <class name="Execution.Runner">
        <test-method is-config="true" signature="setUpClass(org.testng.ITestContext)[pri:0, instance:Execution.Runner@3bd82cf5]" started-at="2025-08-28T08:15:11 IST" name="setUpClass" finished-at="2025-08-28T08:15:26 IST" duration-ms="14421" status="PASS">
          <params>
            <param index="0">
              <value>
                <![CDATA[org.testng.TestRunner@42db955e]]>
              </value>
            </param>
          </params>
          <reporter-output>
          </reporter-output>
        </test-method> <!-- setUpClass -->
        <test-method signature="runScenario(io.cucumber.testng.PickleWrapper,io.cucumber.testng.FeatureWrapper)[pri:0, instance:Execution.Runner@3bd82cf5]" started-at="2025-08-28T08:15:26 IST" name="runScenario" description="Runs Cucumber Scenarios" data-provider="scenarios" finished-at="2025-08-28T08:15:33 IST" duration-ms="7477" status="PASS">
          <params>
            <param index="0">
              <value>
                <![CDATA["Verify Logo of the Snapdeal  application"]]>
              </value>
            </param>
            <param index="1">
              <value>
                <![CDATA["Verify Snapdeal Application"]]>
              </value>
            </param>
          </params>
          <reporter-output>
          </reporter-output>
        </test-method> <!-- runScenario -->
        <test-method signature="runScenario(io.cucumber.testng.PickleWrapper,io.cucumber.testng.FeatureWrapper)[pri:0, instance:Execution.Runner@3bd82cf5]" started-at="2025-08-28T08:15:33 IST" name="runScenario" description="Runs Cucumber Scenarios" data-provider="scenarios" finished-at="2025-08-28T08:15:36 IST" duration-ms="3253" status="PASS">
          <params>
            <param index="0">
              <value>
                <![CDATA["Verify Cart Icon"]]>
              </value>
            </param>
            <param index="1">
              <value>
                <![CDATA["Verify Snapdeal Application"]]>
              </value>
            </param>
          </params>
          <reporter-output>
          </reporter-output>
        </test-method> <!-- runScenario -->
        <test-method is-config="true" signature="tearDownClass()[pri:0, instance:Execution.Runner@3bd82cf5]" started-at="2025-08-28T08:15:36 IST" name="tearDownClass" finished-at="2025-08-28T08:15:51 IST" duration-ms="15033" status="PASS">
          <reporter-output>
          </reporter-output>
        </test-method> <!-- tearDownClass -->
      </class> <!-- Execution.Runner -->
    </test> <!-- Default test -->
  </suite> <!-- Default suite -->
</testng-results>
